<?xml version="1.0" encoding="UTF-8"?>
<testsuite xmlns:xsi="http://www.w3.org/2001/XMLSchema-instance" xsi:noNamespaceSchemaLocation="https://maven.apache.org/surefire/maven-surefire-plugin/xsd/surefire-test-report-3.0.xsd" version="3.0" name="br.com.fiap.CheckDevOpsApplicationTests" time="10.765" tests="1" errors="0" skipped="0" failures="0">
  <properties>
[...]
</properties>
  <testcase name="contextLoads" classname="br.com.fiap.CheckDevOpsApplicationTests" time="0.53">
    <system-out><![CDATA[20:39:43.169 [main] INFO org.springframework.test.context.support.AnnotationConfigContextLoaderUtils -- Could not detect default configuration classes for test class [br.com.fiap.CheckDevOpsApplicationTests]: CheckDevOpsApplicationTests does not declare any static, non-private, non-final, nested classes annotated with @Configuration.
20:39:43.264 [main] INFO org.springframework.boot.test.context.SpringBootTestContextBootstrapper -- Found @SpringBootConfiguration br.com.fiap.CheckDevOpsApplication for test class br.com.fiap.CheckDevOpsApplicationTests

  .   ____          _            __ _ _
 /\\ / ___'_ __ _ _(_)_ __  __ _ \ \ \ \
( ( )\___ | '_ | '_| | '_ \/ _` | \ \ \ \
 \\/  ___)| |_)| | | | | || (_| |  ) ) ) )
  '  |____| .__|_| |_|_| |_\__, | / / / /
 =========|_|==============|___/=/_/_/_/
 :: Spring Boot ::                (v3.1.0)

2023-11-05T20:39:43.623-03:00  INFO 17784 --- [           main] b.com.fiap.CheckDevOpsApplicationTests   : Starting CheckDevOpsApplicationTests using Java 18.0.1.1 with PID 17784 (started by Renan Costa in C:\Users\T-GAMER\git\CheckDevOps\Checkpoint-DevOps)
2023-11-05T20:39:43.624-03:00  INFO 17784 --- [           main] b.com.fiap.CheckDevOpsApplicationTests   : No active profile set, falling back to 1 default profile: "default"
2023-11-05T20:39:44.222-03:00  INFO 17784 --- [           main] .s.d.r.c.RepositoryConfigurationDelegate : Bootstrapping Spring Data JPA repositories in DEFAULT mode.
2023-11-05T20:39:44.287-03:00  INFO 17784 --- [           main] .s.d.r.c.RepositoryConfigurationDelegate : Finished Spring Data repository scanning in 57 ms. Found 2 JPA repository interfaces.
2023-11-05T20:39:44.773-03:00  INFO 17784 --- [           main] o.hibernate.jpa.internal.util.LogHelper  : HHH000204: Processing PersistenceUnitInfo [name: default]
2023-11-05T20:39:44.830-03:00  INFO 17784 --- [           main] org.hibernate.Version                    : HHH000412: Hibernate ORM core version 6.2.2.Final
2023-11-05T20:39:44.833-03:00  INFO 17784 --- [           main] org.hibernate.cfg.Environment            : HHH000406: Using bytecode reflection optimizer
2023-11-05T20:39:45.062-03:00  INFO 17784 --- [           main] o.h.b.i.BytecodeProviderInitiator        : HHH000021: Bytecode provider name : bytebuddy
2023-11-05T20:39:45.221-03:00  INFO 17784 --- [           main] o.s.o.j.p.SpringPersistenceUnitInfo      : No LoadTimeWeaver setup: ignoring JPA class transformer
2023-11-05T20:39:45.237-03:00  INFO 17784 --- [           main] com.zaxxer.hikari.HikariDataSource       : HikariPool-1 - Starting...
2023-11-05T20:39:45.616-03:00  INFO 17784 --- [           main] com.zaxxer.hikari.pool.HikariPool        : HikariPool-1 - Added connection oracle.jdbc.driver.T4CConnection@10e9a5fe
2023-11-05T20:39:45.618-03:00  INFO 17784 --- [           main] com.zaxxer.hikari.HikariDataSource       : HikariPool-1 - Start completed.
2023-11-05T20:39:45.742-03:00  INFO 17784 --- [           main] org.hibernate.orm.dialect                : HHH035001: Using dialect: org.hibernate.dialect.OracleDialect, version: 19.0
2023-11-05T20:39:46.009-03:00  INFO 17784 --- [           main] o.h.b.i.BytecodeProviderInitiator        : HHH000021: Bytecode provider name : bytebuddy
2023-11-05T20:39:46.623-03:00  INFO 17784 --- [           main] o.h.e.t.j.p.i.JtaPlatformInitiator       : HHH000490: Using JtaPlatform implementation: [org.hibernate.engine.transaction.jta.platform.internal.NoJtaPlatform]
2023-11-05T20:39:52.492-03:00  INFO 17784 --- [           main] j.LocalContainerEntityManagerFactoryBean : Initialized JPA EntityManagerFactory for persistence unit 'default'
2023-11-05T20:39:52.894-03:00  WARN 17784 --- [           main] JpaBaseConfiguration$JpaWebConfiguration : spring.jpa.open-in-view is enabled by default. Therefore, database queries may be performed during view rendering. Explicitly configure spring.jpa.open-in-view to disable this warning
2023-11-05T20:39:53.232-03:00  INFO 17784 --- [           main] b.com.fiap.CheckDevOpsApplicationTests   : Started CheckDevOpsApplicationTests in 9.825 seconds (process running for 10.674)
]]></system-out>
  </testcase>
</testsuite>